{"/Users/icanq/Binar/c11-tdd-backend/app.js": {"path":"/Users/icanq/Binar/c11-tdd-backend/app.js","statementMap":{"0":{"start":{"line":1,"column":0},"end":{"line":3,"column":1}},"1":{"start":{"line":2,"column":2},"end":{"line":2,"column":29}},"2":{"start":{"line":4,"column":16},"end":{"line":4,"column":34}},"3":{"start":{"line":5,"column":15},"end":{"line":5,"column":34}},"4":{"start":{"line":6,"column":13},"end":{"line":6,"column":28}},"5":{"start":{"line":7,"column":21},"end":{"line":7,"column":58}},"6":{"start":{"line":8,"column":12},"end":{"line":8,"column":21}},"7":{"start":{"line":10,"column":0},"end":{"line":10,"column":15}},"8":{"start":{"line":11,"column":0},"end":{"line":11,"column":24}},"9":{"start":{"line":12,"column":0},"end":{"line":12,"column":48}},"10":{"start":{"line":13,"column":0},"end":{"line":13,"column":15}},"11":{"start":{"line":15,"column":0},"end":{"line":15,"column":22}},"12":{"start":{"line":17,"column":0},"end":{"line":17,"column":21}}},"fnMap":{},"branchMap":{"0":{"loc":{"start":{"line":1,"column":0},"end":{"line":3,"column":1}},"type":"if","locations":[{"start":{"line":1,"column":0},"end":{"line":3,"column":1}},{"start":{"line":1,"column":0},"end":{"line":3,"column":1}}],"line":1}},"s":{"0":2,"1":2,"2":2,"3":2,"4":2,"5":2,"6":2,"7":2,"8":2,"9":2,"10":2,"11":2,"12":2},"f":{},"b":{"0":[2,0]},"_coverageSchema":"1a1c01bbd47fc00a2c39e90264f33305004495a9","hash":"cebcdebe5b80611f6573e05f064e3fc75bcefcff"}
,"/Users/icanq/Binar/c11-tdd-backend/controllers/productController.js": {"path":"/Users/icanq/Binar/c11-tdd-backend/controllers/productController.js","statementMap":{"0":{"start":{"line":1,"column":20},"end":{"line":1,"column":40}},"1":{"start":{"line":5,"column":20},"end":{"line":11,"column":5}},"2":{"start":{"line":12,"column":4},"end":{"line":17,"column":5}},"3":{"start":{"line":13,"column":19},"end":{"line":13,"column":48}},"4":{"start":{"line":14,"column":6},"end":{"line":14,"column":32}},"5":{"start":{"line":16,"column":6},"end":{"line":16,"column":17}},"6":{"start":{"line":20,"column":15},"end":{"line":20,"column":29}},"7":{"start":{"line":21,"column":4},"end":{"line":31,"column":5}},"8":{"start":{"line":22,"column":19},"end":{"line":22,"column":45}},"9":{"start":{"line":23,"column":6},"end":{"line":27,"column":7}},"10":{"start":{"line":24,"column":8},"end":{"line":26,"column":10}},"11":{"start":{"line":28,"column":6},"end":{"line":28,"column":39}},"12":{"start":{"line":30,"column":6},"end":{"line":30,"column":17}},"13":{"start":{"line":34,"column":4},"end":{"line":44,"column":5}},"14":{"start":{"line":35,"column":19},"end":{"line":35,"column":42}},"15":{"start":{"line":36,"column":6},"end":{"line":40,"column":7}},"16":{"start":{"line":37,"column":8},"end":{"line":39,"column":10}},"17":{"start":{"line":41,"column":6},"end":{"line":41,"column":32}},"18":{"start":{"line":43,"column":6},"end":{"line":43,"column":17}},"19":{"start":{"line":47,"column":15},"end":{"line":47,"column":29}},"20":{"start":{"line":48,"column":20},"end":{"line":53,"column":5}},"21":{"start":{"line":54,"column":4},"end":{"line":64,"column":5}},"22":{"start":{"line":55,"column":28},"end":{"line":60,"column":8}},"23":{"start":{"line":61,"column":6},"end":{"line":61,"column":47}},"24":{"start":{"line":63,"column":6},"end":{"line":63,"column":17}},"25":{"start":{"line":67,"column":15},"end":{"line":67,"column":29}},"26":{"start":{"line":68,"column":4},"end":{"line":79,"column":5}},"27":{"start":{"line":69,"column":6},"end":{"line":73,"column":8}},"28":{"start":{"line":74,"column":6},"end":{"line":76,"column":8}},"29":{"start":{"line":78,"column":6},"end":{"line":78,"column":17}},"30":{"start":{"line":83,"column":0},"end":{"line":83,"column":34}}},"fnMap":{"0":{"name":"(anonymous_0)","decl":{"start":{"line":4,"column":2},"end":{"line":4,"column":3}},"loc":{"start":{"line":4,"column":38},"end":{"line":18,"column":3}},"line":4},"1":{"name":"(anonymous_1)","decl":{"start":{"line":19,"column":2},"end":{"line":19,"column":3}},"loc":{"start":{"line":19,"column":39},"end":{"line":32,"column":3}},"line":19},"2":{"name":"(anonymous_2)","decl":{"start":{"line":33,"column":2},"end":{"line":33,"column":3}},"loc":{"start":{"line":33,"column":35},"end":{"line":45,"column":3}},"line":33},"3":{"name":"(anonymous_3)","decl":{"start":{"line":46,"column":2},"end":{"line":46,"column":3}},"loc":{"start":{"line":46,"column":38},"end":{"line":65,"column":3}},"line":46},"4":{"name":"(anonymous_4)","decl":{"start":{"line":66,"column":2},"end":{"line":66,"column":3}},"loc":{"start":{"line":66,"column":38},"end":{"line":80,"column":3}},"line":66}},"branchMap":{"0":{"loc":{"start":{"line":23,"column":6},"end":{"line":27,"column":7}},"type":"if","locations":[{"start":{"line":23,"column":6},"end":{"line":27,"column":7}},{"start":{"line":23,"column":6},"end":{"line":27,"column":7}}],"line":23},"1":{"loc":{"start":{"line":36,"column":6},"end":{"line":40,"column":7}},"type":"if","locations":[{"start":{"line":36,"column":6},"end":{"line":40,"column":7}},{"start":{"line":36,"column":6},"end":{"line":40,"column":7}}],"line":36}},"s":{"0":2,"1":5,"2":5,"3":5,"4":1,"5":4,"6":2,"7":2,"8":2,"9":2,"10":1,"11":1,"12":0,"13":1,"14":1,"15":1,"16":0,"17":1,"18":0,"19":4,"20":4,"21":4,"22":4,"23":1,"24":3,"25":1,"26":1,"27":1,"28":1,"29":0,"30":2},"f":{"0":5,"1":2,"2":1,"3":4,"4":1},"b":{"0":[1,1],"1":[0,1]},"_coverageSchema":"1a1c01bbd47fc00a2c39e90264f33305004495a9","hash":"b0abd52fe0c7d6413f34f4ec1a79a49a7c3c5ba5"}
,"/Users/icanq/Binar/c11-tdd-backend/controllers/userController.js": {"path":"/Users/icanq/Binar/c11-tdd-backend/controllers/userController.js","statementMap":{"0":{"start":{"line":1,"column":17},"end":{"line":1,"column":37}},"1":{"start":{"line":2,"column":26},"end":{"line":2,"column":60}},"2":{"start":{"line":3,"column":20},"end":{"line":3,"column":57}},"3":{"start":{"line":8,"column":4},"end":{"line":28,"column":5}},"4":{"start":{"line":9,"column":6},"end":{"line":14,"column":7}},"5":{"start":{"line":10,"column":8},"end":{"line":13,"column":10}},"6":{"start":{"line":15,"column":22},"end":{"line":19,"column":7}},"7":{"start":{"line":20,"column":19},"end":{"line":20,"column":45}},"8":{"start":{"line":21,"column":6},"end":{"line":25,"column":9}},"9":{"start":{"line":27,"column":6},"end":{"line":27,"column":18}},"10":{"start":{"line":33,"column":4},"end":{"line":66,"column":9}},"11":{"start":{"line":40,"column":8},"end":{"line":62,"column":9}},"12":{"start":{"line":41,"column":10},"end":{"line":44,"column":12}},"13":{"start":{"line":45,"column":15},"end":{"line":62,"column":9}},"14":{"start":{"line":46,"column":31},"end":{"line":50,"column":12}},"15":{"start":{"line":51,"column":10},"end":{"line":56,"column":13}},"16":{"start":{"line":58,"column":10},"end":{"line":61,"column":12}},"17":{"start":{"line":65,"column":8},"end":{"line":65,"column":18}},"18":{"start":{"line":70,"column":4},"end":{"line":103,"column":9}},"19":{"start":{"line":77,"column":8},"end":{"line":99,"column":9}},"20":{"start":{"line":78,"column":10},"end":{"line":81,"column":12}},"21":{"start":{"line":82,"column":15},"end":{"line":99,"column":9}},"22":{"start":{"line":83,"column":31},"end":{"line":87,"column":12}},"23":{"start":{"line":88,"column":10},"end":{"line":93,"column":13}},"24":{"start":{"line":95,"column":10},"end":{"line":98,"column":12}},"25":{"start":{"line":102,"column":8},"end":{"line":102,"column":18}},"26":{"start":{"line":107,"column":0},"end":{"line":107,"column":32}}},"fnMap":{"0":{"name":"(anonymous_0)","decl":{"start":{"line":7,"column":2},"end":{"line":7,"column":3}},"loc":{"start":{"line":7,"column":40},"end":{"line":29,"column":3}},"line":7},"1":{"name":"(anonymous_1)","decl":{"start":{"line":32,"column":2},"end":{"line":32,"column":3}},"loc":{"start":{"line":32,"column":31},"end":{"line":67,"column":3}},"line":32},"2":{"name":"(anonymous_2)","decl":{"start":{"line":39,"column":12},"end":{"line":39,"column":13}},"loc":{"start":{"line":39,"column":22},"end":{"line":63,"column":7}},"line":39},"3":{"name":"(anonymous_3)","decl":{"start":{"line":64,"column":13},"end":{"line":64,"column":14}},"loc":{"start":{"line":64,"column":22},"end":{"line":66,"column":7}},"line":64},"4":{"name":"(anonymous_4)","decl":{"start":{"line":69,"column":2},"end":{"line":69,"column":3}},"loc":{"start":{"line":69,"column":41},"end":{"line":104,"column":3}},"line":69},"5":{"name":"(anonymous_5)","decl":{"start":{"line":76,"column":12},"end":{"line":76,"column":13}},"loc":{"start":{"line":76,"column":22},"end":{"line":100,"column":7}},"line":76},"6":{"name":"(anonymous_6)","decl":{"start":{"line":101,"column":13},"end":{"line":101,"column":14}},"loc":{"start":{"line":101,"column":22},"end":{"line":103,"column":7}},"line":101}},"branchMap":{"0":{"loc":{"start":{"line":9,"column":6},"end":{"line":14,"column":7}},"type":"if","locations":[{"start":{"line":9,"column":6},"end":{"line":14,"column":7}},{"start":{"line":9,"column":6},"end":{"line":14,"column":7}}],"line":9},"1":{"loc":{"start":{"line":40,"column":8},"end":{"line":62,"column":9}},"type":"if","locations":[{"start":{"line":40,"column":8},"end":{"line":62,"column":9}},{"start":{"line":40,"column":8},"end":{"line":62,"column":9}}],"line":40},"2":{"loc":{"start":{"line":45,"column":15},"end":{"line":62,"column":9}},"type":"if","locations":[{"start":{"line":45,"column":15},"end":{"line":62,"column":9}},{"start":{"line":45,"column":15},"end":{"line":62,"column":9}}],"line":45},"3":{"loc":{"start":{"line":77,"column":8},"end":{"line":99,"column":9}},"type":"if","locations":[{"start":{"line":77,"column":8},"end":{"line":99,"column":9}},{"start":{"line":77,"column":8},"end":{"line":99,"column":9}}],"line":77},"4":{"loc":{"start":{"line":82,"column":15},"end":{"line":99,"column":9}},"type":"if","locations":[{"start":{"line":82,"column":15},"end":{"line":99,"column":9}},{"start":{"line":82,"column":15},"end":{"line":99,"column":9}}],"line":82}},"s":{"0":2,"1":2,"2":2,"3":2,"4":2,"5":1,"6":1,"7":1,"8":1,"9":1,"10":4,"11":3,"12":1,"13":2,"14":1,"15":1,"16":1,"17":3,"18":4,"19":3,"20":1,"21":2,"22":1,"23":1,"24":1,"25":3,"26":2},"f":{"0":2,"1":4,"2":3,"3":3,"4":4,"5":3,"6":3},"b":{"0":[1,1],"1":[1,2],"2":[1,1],"3":[1,2],"4":[1,1]},"_coverageSchema":"1a1c01bbd47fc00a2c39e90264f33305004495a9","hash":"55a326f488aa93b5ee615caac6df3089b560f360"}
,"/Users/icanq/Binar/c11-tdd-backend/helpers/passwordHandler.js": {"path":"/Users/icanq/Binar/c11-tdd-backend/helpers/passwordHandler.js","statementMap":{"0":{"start":{"line":1,"column":15},"end":{"line":1,"column":32}},"1":{"start":{"line":3,"column":13},"end":{"line":7,"column":1}},"2":{"start":{"line":4,"column":15},"end":{"line":4,"column":37}},"3":{"start":{"line":5,"column":15},"end":{"line":5,"column":46}},"4":{"start":{"line":6,"column":2},"end":{"line":6,"column":14}},"5":{"start":{"line":9,"column":16},"end":{"line":12,"column":1}},"6":{"start":{"line":10,"column":16},"end":{"line":10,"column":50}},"7":{"start":{"line":11,"column":2},"end":{"line":11,"column":15}},"8":{"start":{"line":14,"column":0},"end":{"line":17,"column":2}}},"fnMap":{"0":{"name":"(anonymous_0)","decl":{"start":{"line":3,"column":13},"end":{"line":3,"column":14}},"loc":{"start":{"line":3,"column":27},"end":{"line":7,"column":1}},"line":3},"1":{"name":"(anonymous_1)","decl":{"start":{"line":9,"column":16},"end":{"line":9,"column":17}},"loc":{"start":{"line":9,"column":36},"end":{"line":12,"column":1}},"line":9}},"branchMap":{},"s":{"0":2,"1":2,"2":5,"3":5,"4":5,"5":2,"6":4,"7":4,"8":2},"f":{"0":5,"1":4},"b":{},"_coverageSchema":"1a1c01bbd47fc00a2c39e90264f33305004495a9","hash":"0ef2c0cfdd41e6383b0d5289eb0d23324604c83c"}
,"/Users/icanq/Binar/c11-tdd-backend/helpers/tokenHandler.js": {"path":"/Users/icanq/Binar/c11-tdd-backend/helpers/tokenHandler.js","statementMap":{"0":{"start":{"line":1,"column":12},"end":{"line":1,"column":35}},"1":{"start":{"line":3,"column":22},"end":{"line":5,"column":1}},"2":{"start":{"line":4,"column":2},"end":{"line":4,"column":51}},"3":{"start":{"line":7,"column":20},"end":{"line":9,"column":1}},"4":{"start":{"line":8,"column":2},"end":{"line":8,"column":51}},"5":{"start":{"line":11,"column":0},"end":{"line":14,"column":2}}},"fnMap":{"0":{"name":"(anonymous_0)","decl":{"start":{"line":3,"column":22},"end":{"line":3,"column":23}},"loc":{"start":{"line":3,"column":35},"end":{"line":5,"column":1}},"line":3},"1":{"name":"(anonymous_1)","decl":{"start":{"line":7,"column":20},"end":{"line":7,"column":21}},"loc":{"start":{"line":7,"column":31},"end":{"line":9,"column":1}},"line":7}},"branchMap":{},"s":{"0":2,"1":2,"2":4,"3":2,"4":15,"5":2},"f":{"0":4,"1":15},"b":{},"_coverageSchema":"1a1c01bbd47fc00a2c39e90264f33305004495a9","hash":"260cc8cbd3c52a9d7aa720784e93f04765e8617e"}
,"/Users/icanq/Binar/c11-tdd-backend/middlewares/authentication.js": {"path":"/Users/icanq/Binar/c11-tdd-backend/middlewares/authentication.js","statementMap":{"0":{"start":{"line":1,"column":17},"end":{"line":1,"column":37}},"1":{"start":{"line":2,"column":24},"end":{"line":2,"column":58}},"2":{"start":{"line":4,"column":23},"end":{"line":32,"column":1}},"3":{"start":{"line":5,"column":2},"end":{"line":31,"column":3}},"4":{"start":{"line":6,"column":29},"end":{"line":6,"column":40}},"5":{"start":{"line":7,"column":4},"end":{"line":28,"column":5}},"6":{"start":{"line":8,"column":22},"end":{"line":8,"column":47}},"7":{"start":{"line":9,"column":23},"end":{"line":13,"column":8}},"8":{"start":{"line":14,"column":6},"end":{"line":22,"column":7}},"9":{"start":{"line":15,"column":8},"end":{"line":15,"column":31}},"10":{"start":{"line":16,"column":8},"end":{"line":16,"column":15}},"11":{"start":{"line":18,"column":8},"end":{"line":21,"column":10}},"12":{"start":{"line":24,"column":6},"end":{"line":27,"column":8}},"13":{"start":{"line":30,"column":4},"end":{"line":30,"column":16}},"14":{"start":{"line":34,"column":0},"end":{"line":34,"column":31}}},"fnMap":{"0":{"name":"(anonymous_0)","decl":{"start":{"line":4,"column":23},"end":{"line":4,"column":24}},"loc":{"start":{"line":4,"column":49},"end":{"line":32,"column":1}},"line":4}},"branchMap":{"0":{"loc":{"start":{"line":7,"column":4},"end":{"line":28,"column":5}},"type":"if","locations":[{"start":{"line":7,"column":4},"end":{"line":28,"column":5}},{"start":{"line":7,"column":4},"end":{"line":28,"column":5}}],"line":7},"1":{"loc":{"start":{"line":14,"column":6},"end":{"line":22,"column":7}},"type":"if","locations":[{"start":{"line":14,"column":6},"end":{"line":22,"column":7}},{"start":{"line":14,"column":6},"end":{"line":22,"column":7}}],"line":14}},"s":{"0":2,"1":2,"2":2,"3":17,"4":17,"5":17,"6":15,"7":15,"8":15,"9":15,"10":15,"11":0,"12":2,"13":2,"14":2},"f":{"0":17},"b":{"0":[15,2],"1":[15,0]},"_coverageSchema":"1a1c01bbd47fc00a2c39e90264f33305004495a9","hash":"e513a37bdd74ea527941fbce1c50157733c4f4fa"}
,"/Users/icanq/Binar/c11-tdd-backend/middlewares/authorization.js": {"path":"/Users/icanq/Binar/c11-tdd-backend/middlewares/authorization.js","statementMap":{"0":{"start":{"line":1,"column":17},"end":{"line":1,"column":37}},"1":{"start":{"line":4,"column":2},"end":{"line":18,"column":3}},"2":{"start":{"line":5,"column":17},"end":{"line":7,"column":6}},"3":{"start":{"line":8,"column":4},"end":{"line":15,"column":5}},"4":{"start":{"line":9,"column":6},"end":{"line":9,"column":13}},"5":{"start":{"line":11,"column":6},"end":{"line":14,"column":8}},"6":{"start":{"line":17,"column":4},"end":{"line":17,"column":16}},"7":{"start":{"line":21,"column":0},"end":{"line":21,"column":27}}},"fnMap":{"0":{"name":"authorize","decl":{"start":{"line":3,"column":15},"end":{"line":3,"column":24}},"loc":{"start":{"line":3,"column":41},"end":{"line":19,"column":1}},"line":3}},"branchMap":{"0":{"loc":{"start":{"line":8,"column":4},"end":{"line":15,"column":5}},"type":"if","locations":[{"start":{"line":8,"column":4},"end":{"line":15,"column":5}},{"start":{"line":8,"column":4},"end":{"line":15,"column":5}}],"line":8}},"s":{"0":2,"1":15,"2":15,"3":15,"4":12,"5":3,"6":3,"7":2},"f":{"0":15},"b":{"0":[12,3]},"_coverageSchema":"1a1c01bbd47fc00a2c39e90264f33305004495a9","hash":"02d5dbc65e4a96a7e5c870d0efbbdfb7b8d564e0"}
,"/Users/icanq/Binar/c11-tdd-backend/middlewares/errorHandler.js": {"path":"/Users/icanq/Binar/c11-tdd-backend/middlewares/errorHandler.js","statementMap":{"0":{"start":{"line":1,"column":0},"end":{"line":22,"column":2}},"1":{"start":{"line":3,"column":2},"end":{"line":3,"column":18}},"2":{"start":{"line":5,"column":2},"end":{"line":21,"column":3}},"3":{"start":{"line":6,"column":4},"end":{"line":8,"column":7}},"4":{"start":{"line":9,"column":9},"end":{"line":21,"column":3}},"5":{"start":{"line":10,"column":4},"end":{"line":10,"column":70}},"6":{"start":{"line":11,"column":9},"end":{"line":21,"column":3}},"7":{"start":{"line":12,"column":19},"end":{"line":12,"column":51}},"8":{"start":{"line":12,"column":41},"end":{"line":12,"column":50}},"9":{"start":{"line":13,"column":4},"end":{"line":13,"column":46}},"10":{"start":{"line":20,"column":4},"end":{"line":20,"column":63}}},"fnMap":{"0":{"name":"(anonymous_0)","decl":{"start":{"line":1,"column":17},"end":{"line":1,"column":18}},"loc":{"start":{"line":1,"column":42},"end":{"line":22,"column":1}},"line":1},"1":{"name":"(anonymous_1)","decl":{"start":{"line":12,"column":34},"end":{"line":12,"column":35}},"loc":{"start":{"line":12,"column":41},"end":{"line":12,"column":50}},"line":12}},"branchMap":{"0":{"loc":{"start":{"line":5,"column":2},"end":{"line":21,"column":3}},"type":"if","locations":[{"start":{"line":5,"column":2},"end":{"line":21,"column":3}},{"start":{"line":5,"column":2},"end":{"line":21,"column":3}}],"line":5},"1":{"loc":{"start":{"line":7,"column":15},"end":{"line":7,"column":37}},"type":"binary-expr","locations":[{"start":{"line":7,"column":15},"end":{"line":7,"column":26}},{"start":{"line":7,"column":30},"end":{"line":7,"column":37}}],"line":7},"2":{"loc":{"start":{"line":9,"column":9},"end":{"line":21,"column":3}},"type":"if","locations":[{"start":{"line":9,"column":9},"end":{"line":21,"column":3}},{"start":{"line":9,"column":9},"end":{"line":21,"column":3}}],"line":9},"3":{"loc":{"start":{"line":11,"column":9},"end":{"line":21,"column":3}},"type":"if","locations":[{"start":{"line":11,"column":9},"end":{"line":21,"column":3}},{"start":{"line":11,"column":9},"end":{"line":21,"column":3}}],"line":11}},"s":{"0":2,"1":19,"2":19,"3":10,"4":9,"5":0,"6":9,"7":7,"8":12,"9":7,"10":2},"f":{"0":19,"1":12},"b":{"0":[10,9],"1":[10,0],"2":[0,9],"3":[7,2]},"_coverageSchema":"1a1c01bbd47fc00a2c39e90264f33305004495a9","hash":"6181f1faed040994ca3645c99bdd34750b80b8d3"}
,"/Users/icanq/Binar/c11-tdd-backend/models/index.js": {"path":"/Users/icanq/Binar/c11-tdd-backend/models/index.js","statementMap":{"0":{"start":{"line":3,"column":11},"end":{"line":3,"column":24}},"1":{"start":{"line":4,"column":13},"end":{"line":4,"column":28}},"2":{"start":{"line":5,"column":18},"end":{"line":5,"column":38}},"3":{"start":{"line":6,"column":17},"end":{"line":6,"column":42}},"4":{"start":{"line":7,"column":12},"end":{"line":7,"column":49}},"5":{"start":{"line":8,"column":15},"end":{"line":8,"column":65}},"6":{"start":{"line":9,"column":11},"end":{"line":9,"column":13}},"7":{"start":{"line":12,"column":0},"end":{"line":16,"column":1}},"8":{"start":{"line":13,"column":2},"end":{"line":13,"column":74}},"9":{"start":{"line":15,"column":2},"end":{"line":15,"column":87}},"10":{"start":{"line":18,"column":0},"end":{"line":26,"column":5}},"11":{"start":{"line":21,"column":4},"end":{"line":21,"column":90}},"12":{"start":{"line":24,"column":18},"end":{"line":24,"column":85}},"13":{"start":{"line":25,"column":4},"end":{"line":25,"column":27}},"14":{"start":{"line":28,"column":0},"end":{"line":32,"column":3}},"15":{"start":{"line":29,"column":2},"end":{"line":31,"column":3}},"16":{"start":{"line":30,"column":4},"end":{"line":30,"column":32}},"17":{"start":{"line":34,"column":0},"end":{"line":34,"column":25}},"18":{"start":{"line":35,"column":0},"end":{"line":35,"column":25}},"19":{"start":{"line":37,"column":0},"end":{"line":37,"column":20}}},"fnMap":{"0":{"name":"(anonymous_0)","decl":{"start":{"line":20,"column":10},"end":{"line":20,"column":11}},"loc":{"start":{"line":20,"column":18},"end":{"line":22,"column":3}},"line":20},"1":{"name":"(anonymous_1)","decl":{"start":{"line":23,"column":11},"end":{"line":23,"column":12}},"loc":{"start":{"line":23,"column":19},"end":{"line":26,"column":3}},"line":23},"2":{"name":"(anonymous_2)","decl":{"start":{"line":28,"column":24},"end":{"line":28,"column":25}},"loc":{"start":{"line":28,"column":37},"end":{"line":32,"column":1}},"line":28}},"branchMap":{"0":{"loc":{"start":{"line":7,"column":12},"end":{"line":7,"column":49}},"type":"binary-expr","locations":[{"start":{"line":7,"column":12},"end":{"line":7,"column":32}},{"start":{"line":7,"column":36},"end":{"line":7,"column":49}}],"line":7},"1":{"loc":{"start":{"line":12,"column":0},"end":{"line":16,"column":1}},"type":"if","locations":[{"start":{"line":12,"column":0},"end":{"line":16,"column":1}},{"start":{"line":12,"column":0},"end":{"line":16,"column":1}}],"line":12},"2":{"loc":{"start":{"line":21,"column":11},"end":{"line":21,"column":89}},"type":"binary-expr","locations":[{"start":{"line":21,"column":12},"end":{"line":21,"column":35}},{"start":{"line":21,"column":41},"end":{"line":21,"column":58}},{"start":{"line":21,"column":64},"end":{"line":21,"column":88}}],"line":21},"3":{"loc":{"start":{"line":29,"column":2},"end":{"line":31,"column":3}},"type":"if","locations":[{"start":{"line":29,"column":2},"end":{"line":31,"column":3}},{"start":{"line":29,"column":2},"end":{"line":31,"column":3}}],"line":29}},"s":{"0":2,"1":2,"2":2,"3":2,"4":2,"5":2,"6":2,"7":2,"8":0,"9":2,"10":2,"11":6,"12":4,"13":4,"14":2,"15":4,"16":4,"17":2,"18":2,"19":2},"f":{"0":6,"1":4,"2":4},"b":{"0":[2,0],"1":[0,2],"2":[6,6,4],"3":[4,0]},"_coverageSchema":"1a1c01bbd47fc00a2c39e90264f33305004495a9","hash":"5a563e9a030aee5336f75078648f986094bed588"}
,"/Users/icanq/Binar/c11-tdd-backend/models/product.js": {"path":"/Users/icanq/Binar/c11-tdd-backend/models/product.js","statementMap":{"0":{"start":{"line":2,"column":18},"end":{"line":2,"column":38}},"1":{"start":{"line":3,"column":0},"end":{"line":81,"column":2}},"2":{"start":{"line":6,"column":6},"end":{"line":6,"column":37}},"3":{"start":{"line":9,"column":2},"end":{"line":79,"column":4}},"4":{"start":{"line":80,"column":2},"end":{"line":80,"column":17}}},"fnMap":{"0":{"name":"(anonymous_0)","decl":{"start":{"line":3,"column":17},"end":{"line":3,"column":18}},"loc":{"start":{"line":3,"column":43},"end":{"line":81,"column":1}},"line":3},"1":{"name":"(anonymous_1)","decl":{"start":{"line":5,"column":4},"end":{"line":5,"column":5}},"loc":{"start":{"line":5,"column":29},"end":{"line":7,"column":5}},"line":5}},"branchMap":{},"s":{"0":2,"1":2,"2":2,"3":2,"4":2},"f":{"0":2,"1":2},"b":{},"_coverageSchema":"1a1c01bbd47fc00a2c39e90264f33305004495a9","hash":"a0f924794040a2e8839246c0ad88427e578a5df7"}
,"/Users/icanq/Binar/c11-tdd-backend/models/user.js": {"path":"/Users/icanq/Binar/c11-tdd-backend/models/user.js","statementMap":{"0":{"start":{"line":2,"column":18},"end":{"line":2,"column":38}},"1":{"start":{"line":3,"column":17},"end":{"line":3,"column":54}},"2":{"start":{"line":5,"column":0},"end":{"line":62,"column":2}},"3":{"start":{"line":8,"column":6},"end":{"line":8,"column":35}},"4":{"start":{"line":11,"column":2},"end":{"line":60,"column":4}},"5":{"start":{"line":54,"column":10},"end":{"line":54,"column":54}},"6":{"start":{"line":61,"column":2},"end":{"line":61,"column":14}}},"fnMap":{"0":{"name":"(anonymous_0)","decl":{"start":{"line":5,"column":17},"end":{"line":5,"column":18}},"loc":{"start":{"line":5,"column":43},"end":{"line":62,"column":1}},"line":5},"1":{"name":"(anonymous_1)","decl":{"start":{"line":7,"column":4},"end":{"line":7,"column":5}},"loc":{"start":{"line":7,"column":29},"end":{"line":9,"column":5}},"line":7},"2":{"name":"(anonymous_2)","decl":{"start":{"line":53,"column":8},"end":{"line":53,"column":9}},"loc":{"start":{"line":53,"column":31},"end":{"line":55,"column":9}},"line":53}},"branchMap":{},"s":{"0":2,"1":2,"2":2,"3":2,"4":2,"5":1,"6":2},"f":{"0":2,"1":2,"2":1},"b":{},"_coverageSchema":"1a1c01bbd47fc00a2c39e90264f33305004495a9","hash":"cb4f21e08a08cf76fe6319fe4699d90b8941b4e1"}
,"/Users/icanq/Binar/c11-tdd-backend/routes/adminRoutes.js": {"path":"/Users/icanq/Binar/c11-tdd-backend/routes/adminRoutes.js","statementMap":{"0":{"start":{"line":1,"column":14},"end":{"line":1,"column":41}},"1":{"start":{"line":2,"column":23},"end":{"line":2,"column":63}},"2":{"start":{"line":5,"column":0},"end":{"line":7,"column":2}},"3":{"start":{"line":6,"column":2},"end":{"line":6,"column":16}},"4":{"start":{"line":10,"column":0},"end":{"line":10,"column":42}},"5":{"start":{"line":12,"column":0},"end":{"line":12,"column":22}}},"fnMap":{"0":{"name":"(anonymous_0)","decl":{"start":{"line":5,"column":15},"end":{"line":5,"column":16}},"loc":{"start":{"line":5,"column":29},"end":{"line":7,"column":1}},"line":5}},"branchMap":{},"s":{"0":2,"1":2,"2":2,"3":1,"4":2,"5":2},"f":{"0":1},"b":{},"_coverageSchema":"1a1c01bbd47fc00a2c39e90264f33305004495a9","hash":"c262494b6f7adfe1b0c475730b4e9ceb24db61c9"}
,"/Users/icanq/Binar/c11-tdd-backend/routes/index.js": {"path":"/Users/icanq/Binar/c11-tdd-backend/routes/index.js","statementMap":{"0":{"start":{"line":1,"column":15},"end":{"line":1,"column":42}},"1":{"start":{"line":2,"column":20},"end":{"line":2,"column":44}},"2":{"start":{"line":3,"column":22},"end":{"line":3,"column":48}},"3":{"start":{"line":4,"column":23},"end":{"line":4,"column":63}},"4":{"start":{"line":7,"column":0},"end":{"line":9,"column":3}},"5":{"start":{"line":8,"column":2},"end":{"line":8,"column":29}},"6":{"start":{"line":12,"column":0},"end":{"line":12,"column":34}},"7":{"start":{"line":15,"column":0},"end":{"line":15,"column":49}},"8":{"start":{"line":16,"column":0},"end":{"line":16,"column":47}},"9":{"start":{"line":19,"column":0},"end":{"line":19,"column":39}},"10":{"start":{"line":22,"column":0},"end":{"line":22,"column":24}}},"fnMap":{"0":{"name":"(anonymous_0)","decl":{"start":{"line":7,"column":16},"end":{"line":7,"column":17}},"loc":{"start":{"line":7,"column":30},"end":{"line":9,"column":1}},"line":7}},"branchMap":{},"s":{"0":2,"1":2,"2":2,"3":2,"4":2,"5":1,"6":2,"7":2,"8":2,"9":2,"10":2},"f":{"0":1},"b":{},"_coverageSchema":"1a1c01bbd47fc00a2c39e90264f33305004495a9","hash":"3950207aa42f5f3e5a7ffb167125b137d95757f6"}
,"/Users/icanq/Binar/c11-tdd-backend/routes/productRoutes.js": {"path":"/Users/icanq/Binar/c11-tdd-backend/routes/productRoutes.js","statementMap":{"0":{"start":{"line":1,"column":17},"end":{"line":1,"column":44}},"1":{"start":{"line":2,"column":26},"end":{"line":2,"column":69}},"2":{"start":{"line":3,"column":18},"end":{"line":3,"column":57}},"3":{"start":{"line":4,"column":23},"end":{"line":4,"column":63}},"4":{"start":{"line":12,"column":0},"end":{"line":12,"column":40}},"5":{"start":{"line":14,"column":0},"end":{"line":14,"column":28}},"6":{"start":{"line":15,"column":0},"end":{"line":15,"column":55}},"7":{"start":{"line":16,"column":0},"end":{"line":16,"column":57}},"8":{"start":{"line":17,"column":0},"end":{"line":17,"column":57}},"9":{"start":{"line":18,"column":0},"end":{"line":18,"column":60}},"10":{"start":{"line":20,"column":0},"end":{"line":20,"column":25}}},"fnMap":{},"branchMap":{},"s":{"0":2,"1":2,"2":2,"3":2,"4":2,"5":2,"6":2,"7":2,"8":2,"9":2,"10":2},"f":{},"b":{},"_coverageSchema":"1a1c01bbd47fc00a2c39e90264f33305004495a9","hash":"b4608327fa3c85bbec44f4f5bc7bf5d3a3a5073f"}
}
