TN:
SF:app.js
FNF:0
FNH:0
DA:1,2
DA:2,2
DA:4,2
DA:5,2
DA:6,2
DA:7,2
DA:8,2
DA:10,2
DA:11,2
DA:12,2
DA:13,2
DA:15,2
DA:17,2
LF:13
LH:13
BRDA:1,0,0,2
BRDA:1,0,1,0
BRF:2
BRH:1
end_of_record
TN:
SF:controllers/productController.js
FN:4,(anonymous_0)
FN:19,(anonymous_1)
FN:33,(anonymous_2)
FN:46,(anonymous_3)
FN:66,(anonymous_4)
FNF:5
FNH:5
FNDA:5,(anonymous_0)
FNDA:2,(anonymous_1)
FNDA:1,(anonymous_2)
FNDA:4,(anonymous_3)
FNDA:1,(anonymous_4)
DA:1,2
DA:5,5
DA:12,5
DA:13,5
DA:14,1
DA:16,4
DA:20,2
DA:21,2
DA:22,2
DA:23,2
DA:24,1
DA:28,1
DA:30,0
DA:34,1
DA:35,1
DA:36,1
DA:37,0
DA:41,1
DA:43,0
DA:47,4
DA:48,4
DA:54,4
DA:55,4
DA:61,1
DA:63,3
DA:67,1
DA:68,1
DA:69,1
DA:74,1
DA:78,0
DA:83,2
LF:31
LH:27
BRDA:23,0,0,1
BRDA:23,0,1,1
BRDA:36,1,0,0
BRDA:36,1,1,1
BRF:4
BRH:3
end_of_record
TN:
SF:controllers/userController.js
FN:7,(anonymous_0)
FN:32,(anonymous_1)
FN:39,(anonymous_2)
FN:64,(anonymous_3)
FN:69,(anonymous_4)
FN:76,(anonymous_5)
FN:101,(anonymous_6)
FNF:7
FNH:7
FNDA:2,(anonymous_0)
FNDA:4,(anonymous_1)
FNDA:3,(anonymous_2)
FNDA:3,(anonymous_3)
FNDA:4,(anonymous_4)
FNDA:3,(anonymous_5)
FNDA:3,(anonymous_6)
DA:1,2
DA:2,2
DA:3,2
DA:8,2
DA:9,2
DA:10,1
DA:15,1
DA:20,1
DA:21,1
DA:27,1
DA:33,4
DA:40,3
DA:41,1
DA:45,2
DA:46,1
DA:51,1
DA:58,1
DA:65,3
DA:70,4
DA:77,3
DA:78,1
DA:82,2
DA:83,1
DA:88,1
DA:95,1
DA:102,3
DA:107,2
LF:27
LH:27
BRDA:9,0,0,1
BRDA:9,0,1,1
BRDA:40,1,0,1
BRDA:40,1,1,2
BRDA:45,2,0,1
BRDA:45,2,1,1
BRDA:77,3,0,1
BRDA:77,3,1,2
BRDA:82,4,0,1
BRDA:82,4,1,1
BRF:10
BRH:10
end_of_record
TN:
SF:helpers/passwordHandler.js
FN:3,(anonymous_0)
FN:9,(anonymous_1)
FNF:2
FNH:2
FNDA:5,(anonymous_0)
FNDA:4,(anonymous_1)
DA:1,2
DA:3,2
DA:4,5
DA:5,5
DA:6,5
DA:9,2
DA:10,4
DA:11,4
DA:14,2
LF:9
LH:9
BRF:0
BRH:0
end_of_record
TN:
SF:helpers/tokenHandler.js
FN:3,(anonymous_0)
FN:7,(anonymous_1)
FNF:2
FNH:2
FNDA:4,(anonymous_0)
FNDA:15,(anonymous_1)
DA:1,2
DA:3,2
DA:4,4
DA:7,2
DA:8,15
DA:11,2
LF:6
LH:6
BRF:0
BRH:0
end_of_record
TN:
SF:middlewares/authentication.js
FN:4,(anonymous_0)
FNF:1
FNH:1
FNDA:17,(anonymous_0)
DA:1,2
DA:2,2
DA:4,2
DA:5,17
DA:6,17
DA:7,17
DA:8,15
DA:9,15
DA:14,15
DA:15,15
DA:16,15
DA:18,0
DA:24,2
DA:30,2
DA:34,2
LF:15
LH:14
BRDA:7,0,0,15
BRDA:7,0,1,2
BRDA:14,1,0,15
BRDA:14,1,1,0
BRF:4
BRH:3
end_of_record
TN:
SF:middlewares/authorization.js
FN:3,authorize
FNF:1
FNH:1
FNDA:15,authorize
DA:1,2
DA:4,15
DA:5,15
DA:8,15
DA:9,12
DA:11,3
DA:17,3
DA:21,2
LF:8
LH:8
BRDA:8,0,0,12
BRDA:8,0,1,3
BRF:2
BRH:2
end_of_record
TN:
SF:middlewares/errorHandler.js
FN:1,(anonymous_0)
FN:12,(anonymous_1)
FNF:2
FNH:2
FNDA:19,(anonymous_0)
FNDA:12,(anonymous_1)
DA:1,2
DA:3,19
DA:5,19
DA:6,10
DA:9,9
DA:10,0
DA:11,9
DA:12,12
DA:13,7
DA:20,2
LF:10
LH:9
BRDA:5,0,0,10
BRDA:5,0,1,9
BRDA:7,1,0,10
BRDA:7,1,1,0
BRDA:9,2,0,0
BRDA:9,2,1,9
BRDA:11,3,0,7
BRDA:11,3,1,2
BRF:8
BRH:6
end_of_record
TN:
SF:models/index.js
FN:20,(anonymous_0)
FN:23,(anonymous_1)
FN:28,(anonymous_2)
FNF:3
FNH:3
FNDA:6,(anonymous_0)
FNDA:4,(anonymous_1)
FNDA:4,(anonymous_2)
DA:3,2
DA:4,2
DA:5,2
DA:6,2
DA:7,2
DA:8,2
DA:9,2
DA:12,2
DA:13,0
DA:15,2
DA:18,2
DA:21,6
DA:24,4
DA:25,4
DA:28,2
DA:29,4
DA:30,4
DA:34,2
DA:35,2
DA:37,2
LF:20
LH:19
BRDA:7,0,0,2
BRDA:7,0,1,0
BRDA:12,1,0,0
BRDA:12,1,1,2
BRDA:21,2,0,6
BRDA:21,2,1,6
BRDA:21,2,2,4
BRDA:29,3,0,4
BRDA:29,3,1,0
BRF:9
BRH:6
end_of_record
TN:
SF:models/product.js
FN:3,(anonymous_0)
FN:5,(anonymous_1)
FNF:2
FNH:2
FNDA:2,(anonymous_0)
FNDA:2,(anonymous_1)
DA:2,2
DA:3,2
DA:6,2
DA:9,2
DA:80,2
LF:5
LH:5
BRF:0
BRH:0
end_of_record
TN:
SF:models/user.js
FN:5,(anonymous_0)
FN:7,(anonymous_1)
FN:53,(anonymous_2)
FNF:3
FNH:3
FNDA:2,(anonymous_0)
FNDA:2,(anonymous_1)
FNDA:1,(anonymous_2)
DA:2,2
DA:3,2
DA:5,2
DA:8,2
DA:11,2
DA:54,1
DA:61,2
LF:7
LH:7
BRF:0
BRH:0
end_of_record
TN:
SF:routes/adminRoutes.js
FN:5,(anonymous_0)
FNF:1
FNH:1
FNDA:1,(anonymous_0)
DA:1,2
DA:2,2
DA:5,2
DA:6,1
DA:10,2
DA:12,2
LF:6
LH:6
BRF:0
BRH:0
end_of_record
TN:
SF:routes/index.js
FN:7,(anonymous_0)
FNF:1
FNH:1
FNDA:1,(anonymous_0)
DA:1,2
DA:2,2
DA:3,2
DA:4,2
DA:7,2
DA:8,1
DA:12,2
DA:15,2
DA:16,2
DA:19,2
DA:22,2
LF:11
LH:11
BRF:0
BRH:0
end_of_record
TN:
SF:routes/productRoutes.js
FNF:0
FNH:0
DA:1,2
DA:2,2
DA:3,2
DA:4,2
DA:12,2
DA:14,2
DA:15,2
DA:16,2
DA:17,2
DA:18,2
DA:20,2
LF:11
LH:11
BRF:0
BRH:0
end_of_record
